<?xml version="1.0" encoding="UTF-8"?>

<mule xmlns:ee="http://www.mulesoft.org/schema/mule/ee/core" xmlns:http="http://www.mulesoft.org/schema/mule/http"
	xmlns="http://www.mulesoft.org/schema/mule/core"
	xmlns:doc="http://www.mulesoft.org/schema/mule/documentation" xmlns:xsi="http://www.w3.org/2001/XMLSchema-instance" xsi:schemaLocation="http://www.mulesoft.org/schema/mule/core http://www.mulesoft.org/schema/mule/core/current/mule.xsd
http://www.mulesoft.org/schema/mule/http http://www.mulesoft.org/schema/mule/http/current/mule-http.xsd
http://www.mulesoft.org/schema/mule/ee/core http://www.mulesoft.org/schema/mule/ee/core/current/mule-ee.xsd">
	<http:listener-config name="HTTP_Listener_config" doc:name="HTTP Listener config" doc:id="b0e9b39a-264b-4c29-8bd2-d9f1c2f99c6d" >
		<http:listener-connection host="0.0.0.0" port="8081" />
	</http:listener-config>
	<flow name="test-apiFlow" doc:id="1f1c7e1b-9abe-4688-b4ff-5b0a8404deb2" >
		<http:listener doc:name="Listener" doc:id="050e392f-d374-466e-a660-e198fa76659a" path="/api/*" config-ref="HTTP_Listener_config"/>
		<logger level="INFO" doc:name="Logger" doc:id="5ed9af9e-1e50-4d6c-bed9-52828c4bfcef" message="+++ TEST HELLO API+++"/>
		<ee:transform doc:name="Transform Message" doc:id="7b5086f8-7b02-4daf-a11e-0158b9706338" >
			<ee:message >
				<ee:set-payload ><![CDATA[%dw 2.0
output application/json

---

{
	"Hello": "Hello"
	
	}
]]></ee:set-payload>
			</ee:message>
		</ee:transform>
	</flow>
</mule>
