<?xml version="1.0" encoding="UTF-8"?>

<mule xmlns:xsi="http://www.w3.org/2001/XMLSchema-instance"
	xmlns:munit="http://www.mulesoft.org/schema/mule/munit" xmlns:munit-tools="http://www.mulesoft.org/schema/mule/munit-tools"
	xmlns="http://www.mulesoft.org/schema/mule/core" xmlns:doc="http://www.mulesoft.org/schema/mule/documentation"
	xsi:schemaLocation="
		http://www.mulesoft.org/schema/mule/core http://www.mulesoft.org/schema/mule/core/current/mule.xsd
		http://www.mulesoft.org/schema/mule/munit http://www.mulesoft.org/schema/mule/munit/current/mule-munit.xsd
		http://www.mulesoft.org/schema/mule/munit-tools  http://www.mulesoft.org/schema/mule/munit-tools/current/mule-munit-tools.xsd">
	<munit:config name="test-api-suite.xml" />
	<munit:test name="test-apiFlow-test" doc:id="f595f1d7-a6fb-4b9d-8c2f-0620883d8b6b" >
		<munit:behavior >
			<munit:set-event doc:name="Set Input" doc:id="3eb64f26-bce0-49ac-82be-a2c742a94164" >
				<munit:payload value="#[readUrl('classpath://testapiFlowtest/set-event_payload.dwl')]" encoding="UTF-8" />
				<munit:attributes value="#[readUrl('classpath://testapiFlowtest/set-event_attributes.dwl')]" />
			</munit:set-event>
		</munit:behavior>
		<munit:execution >
			<flow-ref doc:name="Flow-ref to test-apiFlow" doc:id="ab949afb-9e77-4e08-9690-af4bcbc08ff4" name="test-apiFlow"/>
		</munit:execution>
		<munit:validation >
			<munit-tools:assert doc:name="Assert payload" doc:id="7aeec3c4-d191-491e-9eb1-5d85e75c8669" message="The payload does not match">
				<munit-tools:that ><![CDATA[#[%dw 2.0
import testapiFlowtest::assert_expression_payload
---
assert_expression_payload::main({payload: payload, attributes: attributes, vars: vars})]]]></munit-tools:that>
			</munit-tools:assert>
		</munit:validation>
	</munit:test>

</mule>
